<?xml version="1.0" encoding="UTF-8"?>
<!-- Generated by org.testng.reporters.JUnitReportReporter -->
<testsuite hostname="DDC2-D-9TJK882" name="mydemo_01.mydemo_01.NewTest455" tests="1" failures="0" timestamp="22 Jul 2019 09:49:45 GMT" time="1.173" errors="0">
  <testcase name="workbook" time="1.173" classname="mydemo_01.mydemo_01.NewTest455"/>
</testsuite> <!-- mydemo_01.mydemo_01.NewTest455 -->
