<?xml version="1.0" encoding="UTF-8"?>
<!-- Generated by org.testng.reporters.JUnitReportReporter -->
<testsuite hostname="DDC2-D-9TJK882" name="mydemo_01.mydemo_01.NewTest8" tests="1" failures="0" timestamp="18 Jul 2019 12:25:18 GMT" time="22.325" errors="0">
  <testcase name="f" time="22.325" classname="mydemo_01.mydemo_01.NewTest8"/>
</testsuite> <!-- mydemo_01.mydemo_01.NewTest8 -->
