<?xml version="1.0" encoding="UTF-8"?>
<!-- Generated by org.testng.reporters.JUnitReportReporter -->
<testsuite hostname="DDC2-D-9TJK882" name="mydemo_01.mydemo_01.NewTest1" tests="2" failures="0" timestamp="17 Jul 2019 10:09:21 GMT" time="0.031" errors="0">
  <testcase name="Registration" time="0.031" classname="mydemo_01.mydemo_01.NewTest1"/>
  <testcase name="Login" time="0.000" classname="mydemo_01.mydemo_01.NewTest1"/>
</testsuite> <!-- mydemo_01.mydemo_01.NewTest1 -->
