<?xml version="1.0" encoding="UTF-8"?>
<!-- Generated by org.testng.reporters.JUnitReportReporter -->
<testsuite hostname="DDC2-D-9TJK882" name="mydemo_01.mydemo_01.ex1" tests="6" failures="0" timestamp="19 Jul 2019 10:37:23 GMT" time="0.066" errors="0">
  <testcase name="t1" time="0.034" classname="mydemo_01.mydemo_01.ex1"/>
  <testcase name="t5" time="0.016" classname="mydemo_01.mydemo_01.ex1"/>
  <testcase name="t2" time="0.000" classname="mydemo_01.mydemo_01.ex1"/>
  <testcase name="t5" time="0.000" classname="mydemo_01.mydemo_01.ex1"/>
  <testcase name="t1" time="0.016" classname="mydemo_01.mydemo_01.ex1"/>
  <testcase name="t2" time="0.000" classname="mydemo_01.mydemo_01.ex1"/>
</testsuite> <!-- mydemo_01.mydemo_01.ex1 -->
