<?xml version="1.0" encoding="UTF-8"?>
<!-- Generated by org.testng.reporters.JUnitReportReporter -->
<testsuite hostname="DDC2-D-9TJK882" name="mydemo_01.mydemo_01.ppt3" tests="6" failures="0" timestamp="19 Jul 2019 09:58:55 GMT" time="0.015" errors="0">
  <testcase name="f1" time="0.015" classname="mydemo_01.mydemo_01.ppt3"/>
  <testcase name="f1" time="0.000" classname="mydemo_01.mydemo_01.ppt3"/>
  <testcase name="f2" time="0.000" classname="mydemo_01.mydemo_01.ppt3"/>
  <testcase name="f3" time="0.000" classname="mydemo_01.mydemo_01.ppt3"/>
  <testcase name="f3" time="0.000" classname="mydemo_01.mydemo_01.ppt3"/>
  <testcase name="f2" time="0.000" classname="mydemo_01.mydemo_01.ppt3"/>
</testsuite> <!-- mydemo_01.mydemo_01.ppt3 -->
