<?xml version="1.0" encoding="UTF-8"?>
<!-- Generated by org.testng.reporters.JUnitReportReporter -->
<testsuite hostname="DDC2-D-9TJK882" name="mydemo_01.mydemo_01.NewTest5" tests="1" failures="0" timestamp="18 Jul 2019 11:15:16 GMT" time="16.440" errors="0">
  <testcase name="f" time="16.440" classname="mydemo_01.mydemo_01.NewTest5"/>
</testsuite> <!-- mydemo_01.mydemo_01.NewTest5 -->
