<?xml version="1.0" encoding="UTF-8"?>
<!-- Generated by org.testng.reporters.JUnitReportReporter -->
<testsuite hostname="DDC2-D-9TJK882" name="mydemo_01.mydemo_01.NewTest4" tests="4" failures="0" timestamp="18 Jul 2019 06:00:46 GMT" time="45.492" errors="0">
  <testcase name="login" time="16.003" classname="mydemo_01.mydemo_01.NewTest4"/>
  <testcase name="login" time="16.331" classname="mydemo_01.mydemo_01.NewTest4"/>
  <testcase name="login" time="6.283" classname="mydemo_01.mydemo_01.NewTest4"/>
  <testcase name="login" time="6.875" classname="mydemo_01.mydemo_01.NewTest4"/>
</testsuite> <!-- mydemo_01.mydemo_01.NewTest4 -->
