<?xml version="1.0" encoding="UTF-8"?>
<!-- Generated by org.testng.reporters.JUnitReportReporter -->
<testsuite hostname="DDC2-D-9TJK882" name="mydemo_01.mydemo_01.NewTest7" tests="1" failures="0" timestamp="18 Jul 2019 11:48:41 GMT" time="20.472" errors="0">
  <testcase name="f" time="20.472" classname="mydemo_01.mydemo_01.NewTest7"/>
</testsuite> <!-- mydemo_01.mydemo_01.NewTest7 -->
