<?xml version="1.0" encoding="UTF-8"?>
<!-- Generated by org.testng.reporters.JUnitReportReporter -->
<testsuite hostname="DDC2-D-9TJK882" name="mydemo_01.mydemo_01.ppt2" tests="2" failures="0" timestamp="19 Jul 2019 09:11:52 GMT" time="0.031" errors="0">
  <testcase name="loginmethod" time="0.015" classname="mydemo_01.mydemo_01.ppt2"/>
  <testcase name="loginmethod" time="0.016" classname="mydemo_01.mydemo_01.ppt2"/>
</testsuite> <!-- mydemo_01.mydemo_01.ppt2 -->
