<?xml version="1.0" encoding="UTF-8"?>
<!-- Generated by org.testng.reporters.JUnitReportReporter -->
<testsuite hostname="DDC2-D-9TJK882" name="mydemo_01.mydemo_01.windemo1" tests="1" failures="0" timestamp="18 Jul 2019 07:06:41 GMT" time="20.374" errors="0">
  <testcase name="f" time="20.374" classname="mydemo_01.mydemo_01.windemo1"/>
</testsuite> <!-- mydemo_01.mydemo_01.windemo1 -->
