<?xml version="1.0" encoding="UTF-8"?>
<!-- Generated by org.testng.reporters.JUnitReportReporter -->
<testsuite hostname="DDC2-D-9TJK882" name="mydemo_01.mydemo_01.NewTest3" tests="1" failures="0" timestamp="17 Jul 2019 11:49:14 GMT" time="0.031" errors="0">
  <testcase name="f" time="0.031" classname="mydemo_01.mydemo_01.NewTest3"/>
</testsuite> <!-- mydemo_01.mydemo_01.NewTest3 -->
