<?xml version="1.0" encoding="UTF-8"?>
<!-- Generated by org.testng.reporters.JUnitReportReporter -->
<testsuite hostname="DDC2-D-9TJK882" name="mydemo_01.mydemo_01.NewTest44" tests="1" failures="0" timestamp="18 Jul 2019 11:09:16 GMT" time="25.804" errors="0">
  <testcase name="f" time="25.804" classname="mydemo_01.mydemo_01.NewTest44"/>
</testsuite> <!-- mydemo_01.mydemo_01.NewTest44 -->
