<?xml version="1.0" encoding="UTF-8"?>
<!-- Generated by org.testng.reporters.JUnitReportReporter -->
<testsuite hostname="DDC2-D-9TJK882" name="mydemo_01.mydemo_01.ppt3_1" tests="3" failures="0" timestamp="19 Jul 2019 09:58:55 GMT" time="0.016" errors="0">
  <testcase name="f4" time="0.000" classname="mydemo_01.mydemo_01.ppt3_1"/>
  <testcase name="f5" time="0.016" classname="mydemo_01.mydemo_01.ppt3_1"/>
  <testcase name="f6" time="0.000" classname="mydemo_01.mydemo_01.ppt3_1"/>
</testsuite> <!-- mydemo_01.mydemo_01.ppt3_1 -->
