<?xml version="1.0" encoding="UTF-8"?>
<!-- Generated by org.testng.reporters.JUnitReportReporter -->
<testsuite hostname="DDC2-D-9TJK882" name="mydemo_01.mydemo_01.ppt1" tests="2" failures="0" timestamp="19 Jul 2019 09:06:21 GMT" time="0.062" errors="0">
  <testcase name="google" time="0.047" classname="mydemo_01.mydemo_01.ppt1"/>
  <testcase name="twitter" time="0.015" classname="mydemo_01.mydemo_01.ppt1"/>
</testsuite> <!-- mydemo_01.mydemo_01.ppt1 -->
