<?xml version="1.0" encoding="UTF-8"?>
<!-- Generated by org.testng.reporters.JUnitReportReporter -->
<testsuite hostname="DDC2-D-9TJK882" name="mydemo_01.mydemo_01.framedemo2" tests="1" failures="0" timestamp="18 Jul 2019 10:08:11 GMT" time="16.880" errors="0">
  <testcase name="f" time="16.880" classname="mydemo_01.mydemo_01.framedemo2"/>
</testsuite> <!-- mydemo_01.mydemo_01.framedemo2 -->
