<?xml version="1.0" encoding="UTF-8"?>
<!-- Generated by org.testng.reporters.JUnitReportReporter -->
<testsuite hostname="DDC2-D-9TJK882" name="mydemo_01.mydemo_01.framedemo" tests="1" failures="0" timestamp="18 Jul 2019 10:00:42 GMT" time="13.286" errors="0">
  <testcase name="f" time="13.286" classname="mydemo_01.mydemo_01.framedemo"/>
</testsuite> <!-- mydemo_01.mydemo_01.framedemo -->
