<?xml version="1.0" encoding="UTF-8"?>
<!-- Generated by org.testng.reporters.JUnitReportReporter -->
<testsuite hostname="DDC2-D-9TJK882" name="mydemo_01.mydemo_01.ex1_1" tests="2" failures="0" timestamp="19 Jul 2019 10:37:23 GMT" time="0.000" errors="0">
  <testcase name="t3" time="0.000" classname="mydemo_01.mydemo_01.ex1_1"/>
  <testcase name="t4" time="0.000" classname="mydemo_01.mydemo_01.ex1_1"/>
</testsuite> <!-- mydemo_01.mydemo_01.ex1_1 -->
