<?xml version="1.0" encoding="UTF-8"?>
<!-- Generated by org.testng.reporters.JUnitReportReporter -->
<testsuite hostname="DDC2-D-9TJK882" name="mydemo_01.mydemo_01.NewTest2" tests="2" failures="0" timestamp="17 Jul 2019 11:46:34 GMT" time="0.016" errors="0">
  <testcase name="f" time="0.016" classname="mydemo_01.mydemo_01.NewTest2"/>
  <testcase name="f" time="0.000" classname="mydemo_01.mydemo_01.NewTest2"/>
</testsuite> <!-- mydemo_01.mydemo_01.NewTest2 -->
