<?xml version="1.0" encoding="UTF-8"?>
<!-- Generated by org.testng.reporters.JUnitReportReporter -->
<testsuite hostname="DDC2-D-9TJK882" name="mydemo_01.mydemo_01.casestudy" tests="4" failures="0" timestamp="23 Jul 2019 04:30:55 GMT" time="219.057" errors="0">
  <testcase name="testCart" time="12.560" classname="mydemo_01.mydemo_01.casestudy"/>
  <testcase name="testpayment" time="23.764" classname="mydemo_01.mydemo_01.casestudy"/>
  <testcase name="registration" time="181.901" classname="mydemo_01.mydemo_01.casestudy"/>
  <testcase name="testLogin" time="0.832" classname="mydemo_01.mydemo_01.casestudy"/>
</testsuite> <!-- mydemo_01.mydemo_01.casestudy -->
