<?xml version="1.0" encoding="UTF-8"?>
<!-- Generated by org.testng.reporters.JUnitReportReporter -->
<testsuite hostname="DDC2-D-9TJK882" name="mydemo_01.mydemo_01.NewTest10" tests="1" failures="0" timestamp="19 Jul 2019 05:12:56 GMT" time="17.923" errors="0">
  <testcase name="f" time="17.923" classname="mydemo_01.mydemo_01.NewTest10"/>
</testsuite> <!-- mydemo_01.mydemo_01.NewTest10 -->
